build/app/intermediates/proguard-rules/release/aapt_rules.txt
# Referenced at merged_manifests\release\AndroidManifest.xml:24
-keep class androidx.core.app.CoreComponentFactory { <init>(); }
# Referenced at merged_manifests\release\AndroidManifest.xml:33
-keep class androx.fitness_app_megahack.MainActivity { <init>(); }
# Referenced at merged_manifests\release\AndroidManifest.xml:58
-keep class com.google.android.gms.common.api.GoogleApiActivity { <init>(); }
# Referenced at merged_manifests\release\AndroidManifest.xml:24
-keep class io.flutter.app.FlutterApplication { <init>(); }