build/app/outputs/mapping/release/mapping.txt
# compiler: R8
# compiler_version: 1.5.64
# min_api: 20
# pg_map_id: af48046
androx.fitness_app_megahack.MainActivity -> androx.fitness_app_megahack.MainActivity:
    void configureFlutterEngine(io.flutter.embedding.engine.FlutterEngine) -> a
...
com.google.android.gms.common.internal.BaseGmsClient$zze -> com.google.android.gms.common.internal.b$j:
    com.google.android.gms.common.internal.BaseGmsClient zzct -> b
    int zzcx -> a
com.google.android.gms.common.internal.BaseGmsClient$zzf -> com.google.android.gms.common.internal.b$k:
    android.os.IBinder zzcy -> g
    com.google.android.gms.common.internal.BaseGmsClient zzct -> h
    void zza(com.google.android.gms.common.ConnectionResult) -> a
    boolean zzm() -> e
com.google.android.gms.common.internal.BaseGmsClient$zzg -> com.google.android.gms.common.internal.b$l:
    com.google.android.gms.common.internal.BaseGmsClient zzct -> g
    void zza(com.google.android.gms.common.ConnectionResult) -> a
    boolean zzm() -> e
com.google.android.gms.common.internal.ClientSettings -> com.google.android.gms.common.internal.c:
    android.accounts.Account zax -> a
    java.lang.String zabw -> f
    java.util.Map zaoc -> d
    java.util.Set zaob -> c
    java.lang.Integer zaoe -> h
    java.util.Set zabr -> b
    com.google.android.gms.signin.SignInOptions zaod -> g
    java.lang.String zabv -> e
    android.accounts.Account getAccount() -> a
    void setClientSessionId(java.lang.Integer) -> a
    android.accounts.Account getAccountOrDefault() -> b
    java.util.Set getAllRequestedScopes() -> c
    java.lang.Integer getClientSessionId() -> d
    java.lang.String getRealClientClassName() -> e
    java.lang.String getRealClientPackageName() -> f
    java.util.Set getRequiredScopes() -> g
    com.google.android.gms.signin.SignInOptions getSignInOptions() -> h
com.google.android.gms.common.internal.ClientSettings$Builder -> com.google.android.gms.common.internal.c$a:
    java.lang.String zabw -> g
    android.accounts.Account zax -> a
    java.lang.String zabv -> f
    java.util.Map zaoc -> c
    androidx.collection.ArraySet zaof -> b
    boolean zaby -> i
    int zabt -> d
    com.google.android.gms.signin.SignInOptions zaod -> h
    android.view.View zabu -> e
    com.google.android.gms.common.internal.ClientSettings$Builder addAllRequiredScopes(java.util.Collection) -> a
    com.google.android.gms.common.internal.ClientSettings build() -> a
    com.google.android.gms.common.internal.ClientSettings$Builder setAccount(android.accounts.Account) -> a
    com.google.android.gms.common.internal.ClientSettings$Builder setRealClientClassName(java.lang.String) -> a
    com.google.android.gms.common.internal.ClientSettings$Builder setRealClientPackageName(java.lang.String) -> b
com.google.android.gms.common.internal.ClientSettings$OptionalApiSettings -> com.google.android.gms.common.internal.c$b:
    java.util.Set mScopes -> a
com.google.android.gms.common.internal.ConnectionErrorMessages -> com.google.android.gms.common.internal.d:
    androidx.collection.SimpleArrayMap zaog -> a
    java.lang.String getAppName(android.content.Context) -> a
    java.lang.String getErrorDialogButtonMessage(android.content.Context,int) -> a
    java.lang.String zaa(android.content.Context,java.lang.String) -> a
    java.lang.String zaa(android.content.Context,java.lang.String,java.lang.String) -> a
    java.lang.String getDefaultNotificationChannelName(android.content.Context) -> b
    java.lang.String getErrorMessage(android.content.Context,int) -> b
    java.lang.String getErrorNotificationMessage(android.content.Context,int) -> c
    java.lang.String getErrorNotificationTitle(android.content.Context,int) -> d
    java.lang.String getErrorTitle(android.content.Context,int) -> e
com.google.android.gms.common.internal.DialogRedirect -> com.google.android.gms.common.internal.e:
    com.google.android.gms.common.internal.DialogRedirect getInstance(android.app.Activity,android.content.Intent,int) -> a
    void redirect() -> a